<?xml version="1.0" encoding="UTF-8"?>
<!-- Generated by org.testng.reporters.JUnitXMLReporter -->
<testsuite hostname="NXT-LT004" ignored="0" name="Test" tests="2" failures="1" timestamp="06 Oct 2019 08:25:24 GMT" time="73973.719" errors="0">
  <testcase name="runTC001" time="12.179" classname="com.leafBot.testcases.TC001_CreateLead"/>
  <testcase name="runTC001" time="73947.631" classname="com.leafBot.testcases.TC001_CreateLead">
    <failure type="java.lang.RuntimeException">
      <![CDATA[java.lang.RuntimeException
at com.leafBot.selenium.api.base.SeleniumBase.locateElement(SeleniumBase.java:292)
at com.leafBot.pages.ViewLead.verifyName(ViewLead.java:10)
at com.leafBot.testcases.TC001_CreateLead.runTC001(TC001_CreateLead.java:27)
... Removed 25 stack frames]]>
    </failure>
  </testcase> <!-- runTC001 -->
</testsuite> <!-- Test -->
